
> backend@0.0.1 start:dev
> nest start --watch

[2J[3J[H[[90m3:52:29 PM[0m] Starting compilation in watch mode...

[[90m3:52:31 PM[0m] Found 0 errors. Watching for file changes.

[32m[Nest] 51357  - [39m02/13/2026, 3:52:32 PM [32m    LOG[39m [38;5;3m[NestFactory] [39m[32mStarting Nest application...[39m
[32m[Nest] 51357  - [39m02/13/2026, 3:52:32 PM [32m    LOG[39m [38;5;3m[InstanceLoader] [39m[32mMailerModule dependencies initialized[39m[38;5;3m +13ms[39m
[32m[Nest] 51357  - [39m02/13/2026, 3:52:32 PM [32m    LOG[39m [38;5;3m[InstanceLoader] [39m[32mPrismaModule dependencies initialized[39m[38;5;3m +3ms[39m
[32m[Nest] 51357  - [39m02/13/2026, 3:52:32 PM [32m    LOG[39m [38;5;3m[InstanceLoader] [39m[32mPassportModule dependencies initialized[39m[38;5;3m +0ms[39m
[32m[Nest] 51357  - [39m02/13/2026, 3:52:32 PM [32m    LOG[39m [38;5;3m[InstanceLoader] [39m[32mConfigHostModule dependencies initialized[39m[38;5;3m +1ms[39m
[32m[Nest] 51357  - [39m02/13/2026, 3:52:32 PM [32m    LOG[39m [38;5;3m[InstanceLoader] [39m[32mJwtModule dependencies initialized[39m[38;5;3m +0ms[39m
[32m[Nest] 51357  - [39m02/13/2026, 3:52:32 PM [32m    LOG[39m [38;5;3m[InstanceLoader] [39m[32mAppModule dependencies initialized[39m[38;5;3m +1ms[39m
[32m[Nest] 51357  - [39m02/13/2026, 3:52:32 PM [32m    LOG[39m [38;5;3m[InstanceLoader] [39m[32mInvestmentsModule dependencies initialized[39m[38;5;3m +0ms[39m
[32m[Nest] 51357  - [39m02/13/2026, 3:52:32 PM [32m    LOG[39m [38;5;3m[InstanceLoader] [39m[32mConfigModule dependencies initialized[39m[38;5;3m +0ms[39m
[32m[Nest] 51357  - [39m02/13/2026, 3:52:32 PM [32m    LOG[39m [38;5;3m[InstanceLoader] [39m[32mConfigModule dependencies initialized[39m[38;5;3m +0ms[39m
[32m[Nest] 51357  - [39m02/13/2026, 3:52:32 PM [32m    LOG[39m [38;5;3m[InstanceLoader] [39m[32mUsersModule dependencies initialized[39m[38;5;3m +5ms[39m
[32m[Nest] 51357  - [39m02/13/2026, 3:52:32 PM [32m    LOG[39m [38;5;3m[InstanceLoader] [39m[32mMailerCoreModule dependencies initialized[39m[38;5;3m +0ms[39m
[32m[Nest] 51357  - [39m02/13/2026, 3:52:32 PM [32m    LOG[39m [38;5;3m[InstanceLoader] [39m[32mWalletsModule dependencies initialized[39m[38;5;3m +1ms[39m
[32m[Nest] 51357  - [39m02/13/2026, 3:52:32 PM [32m    LOG[39m [38;5;3m[InstanceLoader] [39m[32mCategoriesModule dependencies initialized[39m[38;5;3m +0ms[39m
[32m[Nest] 51357  - [39m02/13/2026, 3:52:32 PM [32m    LOG[39m [38;5;3m[InstanceLoader] [39m[32mDashboardModule dependencies initialized[39m[38;5;3m +0ms[39m
[32m[Nest] 51357  - [39m02/13/2026, 3:52:32 PM [32m    LOG[39m [38;5;3m[InstanceLoader] [39m[32mTransactionsModule dependencies initialized[39m[38;5;3m +0ms[39m
[32m[Nest] 51357  - [39m02/13/2026, 3:52:32 PM [32m    LOG[39m [38;5;3m[InstanceLoader] [39m[32mSubscriptionsModule dependencies initialized[39m[38;5;3m +0ms[39m
[32m[Nest] 51357  - [39m02/13/2026, 3:52:32 PM [32m    LOG[39m [38;5;3m[InstanceLoader] [39m[32mAuthModule dependencies initialized[39m[38;5;3m +0ms[39m
[32m[Nest] 51357  - [39m02/13/2026, 3:52:32 PM [32m    LOG[39m [38;5;3m[RoutesResolver] [39m[32mAppController {/}:[39m[38;5;3m +3ms[39m
[32m[Nest] 51357  - [39m02/13/2026, 3:52:32 PM [32m    LOG[39m [38;5;3m[RouterExplorer] [39m[32mMapped {/, GET} route[39m[38;5;3m +2ms[39m
[32m[Nest] 51357  - [39m02/13/2026, 3:52:32 PM [32m    LOG[39m [38;5;3m[RoutesResolver] [39m[32mUsersController {/users}:[39m[38;5;3m +0ms[39m
[32m[Nest] 51357  - [39m02/13/2026, 3:52:32 PM [32m    LOG[39m [38;5;3m[RouterExplorer] [39m[32mMapped {/users, POST} route[39m[38;5;3m +0ms[39m
[32m[Nest] 51357  - [39m02/13/2026, 3:52:32 PM [32m    LOG[39m [38;5;3m[RouterExplorer] [39m[32mMapped {/users, GET} route[39m[38;5;3m +0ms[39m
[32m[Nest] 51357  - [39m02/13/2026, 3:52:32 PM [32m    LOG[39m [38;5;3m[RouterExplorer] [39m[32mMapped {/users/:id, GET} route[39m[38;5;3m +1ms[39m
[32m[Nest] 51357  - [39m02/13/2026, 3:52:32 PM [32m    LOG[39m [38;5;3m[RouterExplorer] [39m[32mMapped {/users/:id, PATCH} route[39m[38;5;3m +0ms[39m
[32m[Nest] 51357  - [39m02/13/2026, 3:52:32 PM [32m    LOG[39m [38;5;3m[RouterExplorer] [39m[32mMapped {/users/:id, DELETE} route[39m[38;5;3m +0ms[39m
[32m[Nest] 51357  - [39m02/13/2026, 3:52:32 PM [32m    LOG[39m [38;5;3m[RoutesResolver] [39m[32mAuthController {/auth}:[39m[38;5;3m +0ms[39m
[32m[Nest] 51357  - [39m02/13/2026, 3:52:32 PM [32m    LOG[39m [38;5;3m[RouterExplorer] [39m[32mMapped {/auth/google, GET} route[39m[38;5;3m +0ms[39m
[32m[Nest] 51357  - [39m02/13/2026, 3:52:32 PM [32m    LOG[39m [38;5;3m[RouterExplorer] [39m[32mMapped {/auth/google/redirect, GET} route[39m[38;5;3m +0ms[39m
[32m[Nest] 51357  - [39m02/13/2026, 3:52:32 PM [32m    LOG[39m [38;5;3m[RouterExplorer] [39m[32mMapped {/auth/verify-email, POST} route[39m[38;5;3m +0ms[39m
[32m[Nest] 51357  - [39m02/13/2026, 3:52:32 PM [32m    LOG[39m [38;5;3m[RouterExplorer] [39m[32mMapped {/auth/resend-verification, POST} route[39m[38;5;3m +1ms[39m
[32m[Nest] 51357  - [39m02/13/2026, 3:52:32 PM [32m    LOG[39m [38;5;3m[RouterExplorer] [39m[32mMapped {/auth/login, POST} route[39m[38;5;3m +0ms[39m
[32m[Nest] 51357  - [39m02/13/2026, 3:52:32 PM [32m    LOG[39m [38;5;3m[RouterExplorer] [39m[32mMapped {/auth/2fa/login, POST} route[39m[38;5;3m +0ms[39m
[32m[Nest] 51357  - [39m02/13/2026, 3:52:32 PM [32m    LOG[39m [38;5;3m[RouterExplorer] [39m[32mMapped {/auth/2fa/resend, POST} route[39m[38;5;3m +0ms[39m
[32m[Nest] 51357  - [39m02/13/2026, 3:52:32 PM [32m    LOG[39m [38;5;3m[RouterExplorer] [39m[32mMapped {/auth/2fa/enable, POST} route[39m[38;5;3m +0ms[39m
[32m[Nest] 51357  - [39m02/13/2026, 3:52:32 PM [32m    LOG[39m [38;5;3m[RouterExplorer] [39m[32mMapped {/auth/2fa/disable, POST} route[39m[38;5;3m +0ms[39m
[32m[Nest] 51357  - [39m02/13/2026, 3:52:32 PM [32m    LOG[39m [38;5;3m[RouterExplorer] [39m[32mMapped {/auth/register, POST} route[39m[38;5;3m +0ms[39m
[32m[Nest] 51357  - [39m02/13/2026, 3:52:32 PM [32m    LOG[39m [38;5;3m[RouterExplorer] [39m[32mMapped {/auth/forgot-password, POST} route[39m[38;5;3m +0ms[39m
[32m[Nest] 51357  - [39m02/13/2026, 3:52:32 PM [32m    LOG[39m [38;5;3m[RouterExplorer] [39m[32mMapped {/auth/reset-password, POST} route[39m[38;5;3m +0ms[39m
[32m[Nest] 51357  - [39m02/13/2026, 3:52:32 PM [32m    LOG[39m [38;5;3m[RouterExplorer] [39m[32mMapped {/auth/profile, GET} route[39m[38;5;3m +0ms[39m
[32m[Nest] 51357  - [39m02/13/2026, 3:52:32 PM [32m    LOG[39m [38;5;3m[RoutesResolver] [39m[32mWalletsController {/wallets}:[39m[38;5;3m +0ms[39m
[32m[Nest] 51357  - [39m02/13/2026, 3:52:32 PM [32m    LOG[39m [38;5;3m[RouterExplorer] [39m[32mMapped {/wallets, POST} route[39m[38;5;3m +0ms[39m
[32m[Nest] 51357  - [39m02/13/2026, 3:52:32 PM [32m    LOG[39m [38;5;3m[RouterExplorer] [39m[32mMapped {/wallets, GET} route[39m[38;5;3m +1ms[39m
[32m[Nest] 51357  - [39m02/13/2026, 3:52:32 PM [32m    LOG[39m [38;5;3m[RouterExplorer] [39m[32mMapped {/wallets/:id, GET} route[39m[38;5;3m +0ms[39m
[32m[Nest] 51357  - [39m02/13/2026, 3:52:32 PM [32m    LOG[39m [38;5;3m[RouterExplorer] [39m[32mMapped {/wallets/:id/add-incoming, PATCH} route[39m[38;5;3m +0ms[39m
[32m[Nest] 51357  - [39m02/13/2026, 3:52:32 PM [32m    LOG[39m [38;5;3m[RouterExplorer] [39m[32mMapped {/wallets/:id/add-expense, PATCH} route[39m[38;5;3m +0ms[39m
[32m[Nest] 51357  - [39m02/13/2026, 3:52:32 PM [32m    LOG[39m [38;5;3m[RouterExplorer] [39m[32mMapped {/wallets/:id, PATCH} route[39m[38;5;3m +0ms[39m
[32m[Nest] 51357  - [39m02/13/2026, 3:52:32 PM [32m    LOG[39m [38;5;3m[RouterExplorer] [39m[32mMapped {/wallets/:id, DELETE} route[39m[38;5;3m +0ms[39m
[32m[Nest] 51357  - [39m02/13/2026, 3:52:32 PM [32m    LOG[39m [38;5;3m[RoutesResolver] [39m[32mTransactionsController {/transactions}:[39m[38;5;3m +0ms[39m
[32m[Nest] 51357  - [39m02/13/2026, 3:52:32 PM [32m    LOG[39m [38;5;3m[RouterExplorer] [39m[32mMapped {/transactions, POST} route[39m[38;5;3m +0ms[39m
[32m[Nest] 51357  - [39m02/13/2026, 3:52:32 PM [32m    LOG[39m [38;5;3m[RouterExplorer] [39m[32mMapped {/transactions, GET} route[39m[38;5;3m +0ms[39m
[32m[Nest] 51357  - [39m02/13/2026, 3:52:32 PM [32m    LOG[39m [38;5;3m[RouterExplorer] [39m[32mMapped {/transactions/:id, GET} route[39m[38;5;3m +0ms[39m
[32m[Nest] 51357  - [39m02/13/2026, 3:52:32 PM [32m    LOG[39m [38;5;3m[RouterExplorer] [39m[32mMapped {/transactions/:id, PATCH} route[39m[38;5;3m +0ms[39m
[32m[Nest] 51357  - [39m02/13/2026, 3:52:32 PM [32m    LOG[39m [38;5;3m[RouterExplorer] [39m[32mMapped {/transactions/:id, DELETE} route[39m[38;5;3m +0ms[39m
[32m[Nest] 51357  - [39m02/13/2026, 3:52:32 PM [32m    LOG[39m [38;5;3m[RoutesResolver] [39m[32mCategoriesController {/categories}:[39m[38;5;3m +0ms[39m
[32m[Nest] 51357  - [39m02/13/2026, 3:52:32 PM [32m    LOG[39m [38;5;3m[RouterExplorer] [39m[32mMapped {/categories, POST} route[39m[38;5;3m +0ms[39m
[32m[Nest] 51357  - [39m02/13/2026, 3:52:32 PM [32m    LOG[39m [38;5;3m[RouterExplorer] [39m[32mMapped {/categories, GET} route[39m[38;5;3m +0ms[39m
[32m[Nest] 51357  - [39m02/13/2026, 3:52:32 PM [32m    LOG[39m [38;5;3m[RouterExplorer] [39m[32mMapped {/categories/:id, GET} route[39m[38;5;3m +1ms[39m
[32m[Nest] 51357  - [39m02/13/2026, 3:52:32 PM [32m    LOG[39m [38;5;3m[RouterExplorer] [39m[32mMapped {/categories/:id, PATCH} route[39m[38;5;3m +0ms[39m
[32m[Nest] 51357  - [39m02/13/2026, 3:52:32 PM [32m    LOG[39m [38;5;3m[RouterExplorer] [39m[32mMapped {/categories/:id, DELETE} route[39m[38;5;3m +0ms[39m
[32m[Nest] 51357  - [39m02/13/2026, 3:52:32 PM [32m    LOG[39m [38;5;3m[RoutesResolver] [39m[32mSubscriptionsController {/subscriptions}:[39m[38;5;3m +0ms[39m
[32m[Nest] 51357  - [39m02/13/2026, 3:52:32 PM [32m    LOG[39m [38;5;3m[RouterExplorer] [39m[32mMapped {/subscriptions, POST} route[39m[38;5;3m +0ms[39m
[32m[Nest] 51357  - [39m02/13/2026, 3:52:32 PM [32m    LOG[39m [38;5;3m[RouterExplorer] [39m[32mMapped {/subscriptions/trigger, POST} route[39m[38;5;3m +0ms[39m
[32m[Nest] 51357  - [39m02/13/2026, 3:52:32 PM [32m    LOG[39m [38;5;3m[RouterExplorer] [39m[32mMapped {/subscriptions, GET} route[39m[38;5;3m +0ms[39m
[32m[Nest] 51357  - [39m02/13/2026, 3:52:32 PM [32m    LOG[39m [38;5;3m[RouterExplorer] [39m[32mMapped {/subscriptions/:id, GET} route[39m[38;5;3m +0ms[39m
[32m[Nest] 51357  - [39m02/13/2026, 3:52:32 PM [32m    LOG[39m [38;5;3m[RouterExplorer] [39m[32mMapped {/subscriptions/:id, PATCH} route[39m[38;5;3m +0ms[39m
[32m[Nest] 51357  - [39m02/13/2026, 3:52:32 PM [32m    LOG[39m [38;5;3m[RouterExplorer] [39m[32mMapped {/subscriptions/:id, DELETE} route[39m[38;5;3m +0ms[39m
[32m[Nest] 51357  - [39m02/13/2026, 3:52:32 PM [32m    LOG[39m [38;5;3m[RoutesResolver] [39m[32mInvestmentsController {/investments}:[39m[38;5;3m +0ms[39m
[32m[Nest] 51357  - [39m02/13/2026, 3:52:32 PM [32m    LOG[39m [38;5;3m[RouterExplorer] [39m[32mMapped {/investments, POST} route[39m[38;5;3m +0ms[39m
[32m[Nest] 51357  - [39m02/13/2026, 3:52:32 PM [32m    LOG[39m [38;5;3m[RouterExplorer] [39m[32mMapped {/investments, GET} route[39m[38;5;3m +0ms[39m
[32m[Nest] 51357  - [39m02/13/2026, 3:52:32 PM [32m    LOG[39m [38;5;3m[RouterExplorer] [39m[32mMapped {/investments/:id, GET} route[39m[38;5;3m +0ms[39m
[32m[Nest] 51357  - [39m02/13/2026, 3:52:32 PM [32m    LOG[39m [38;5;3m[RouterExplorer] [39m[32mMapped {/investments/:id, PATCH} route[39m[38;5;3m +0ms[39m
[32m[Nest] 51357  - [39m02/13/2026, 3:52:32 PM [32m    LOG[39m [38;5;3m[RouterExplorer] [39m[32mMapped {/investments/:id, DELETE} route[39m[38;5;3m +0ms[39m
[32m[Nest] 51357  - [39m02/13/2026, 3:52:32 PM [32m    LOG[39m [38;5;3m[RoutesResolver] [39m[32mDashboardController {/dashboard}:[39m[38;5;3m +0ms[39m
[32m[Nest] 51357  - [39m02/13/2026, 3:52:32 PM [32m    LOG[39m [38;5;3m[RouterExplorer] [39m[32mMapped {/dashboard, GET} route[39m[38;5;3m +0ms[39m
[32m[Nest] 51357  - [39m02/13/2026, 3:52:32 PM [32m    LOG[39m [38;5;3m[NestApplication] [39m[32mNest application successfully started[39m[38;5;3m +34ms[39m
[2J[3J[H[[90m3:56:14 PM[0m] File change detected. Starting incremental compilation...

[[90m3:56:14 PM[0m] Found 0 errors. Watching for file changes.

[32m[Nest] 51476  - [39m02/13/2026, 3:56:15 PM [32m    LOG[39m [38;5;3m[NestFactory] [39m[32mStarting Nest application...[39m
[32m[Nest] 51476  - [39m02/13/2026, 3:56:15 PM [32m    LOG[39m [38;5;3m[InstanceLoader] [39m[32mMailerModule dependencies initialized[39m[38;5;3m +11ms[39m
[32m[Nest] 51476  - [39m02/13/2026, 3:56:15 PM [32m    LOG[39m [38;5;3m[InstanceLoader] [39m[32mPrismaModule dependencies initialized[39m[38;5;3m +3ms[39m
[32m[Nest] 51476  - [39m02/13/2026, 3:56:15 PM [32m    LOG[39m [38;5;3m[InstanceLoader] [39m[32mPassportModule dependencies initialized[39m[38;5;3m +0ms[39m
[32m[Nest] 51476  - [39m02/13/2026, 3:56:15 PM [32m    LOG[39m [38;5;3m[InstanceLoader] [39m[32mConfigHostModule dependencies initialized[39m[38;5;3m +3ms[39m
[32m[Nest] 51476  - [39m02/13/2026, 3:56:15 PM [32m    LOG[39m [38;5;3m[InstanceLoader] [39m[32mJwtModule dependencies initialized[39m[38;5;3m +0ms[39m
[32m[Nest] 51476  - [39m02/13/2026, 3:56:15 PM [32m    LOG[39m [38;5;3m[InstanceLoader] [39m[32mAppModule dependencies initialized[39m[38;5;3m +1ms[39m
[32m[Nest] 51476  - [39m02/13/2026, 3:56:15 PM [32m    LOG[39m [38;5;3m[InstanceLoader] [39m[32mInvestmentsModule dependencies initialized[39m[38;5;3m +0ms[39m
[32m[Nest] 51476  - [39m02/13/2026, 3:56:15 PM [32m    LOG[39m [38;5;3m[InstanceLoader] [39m[32mConfigModule dependencies initialized[39m[38;5;3m +0ms[39m
[32m[Nest] 51476  - [39m02/13/2026, 3:56:15 PM [32m    LOG[39m [38;5;3m[InstanceLoader] [39m[32mConfigModule dependencies initialized[39m[38;5;3m +0ms[39m
[32m[Nest] 51476  - [39m02/13/2026, 3:56:15 PM [32m    LOG[39m [38;5;3m[InstanceLoader] [39m[32mUsersModule dependencies initialized[39m[38;5;3m +5ms[39m
[32m[Nest] 51476  - [39m02/13/2026, 3:56:15 PM [32m    LOG[39m [38;5;3m[InstanceLoader] [39m[32mMailerCoreModule dependencies initialized[39m[38;5;3m +0ms[39m
[32m[Nest] 51476  - [39m02/13/2026, 3:56:15 PM [32m    LOG[39m [38;5;3m[InstanceLoader] [39m[32mWalletsModule dependencies initialized[39m[38;5;3m +1ms[39m
[32m[Nest] 51476  - [39m02/13/2026, 3:56:15 PM [32m    LOG[39m [38;5;3m[InstanceLoader] [39m[32mCategoriesModule dependencies initialized[39m[38;5;3m +0ms[39m
[32m[Nest] 51476  - [39m02/13/2026, 3:56:15 PM [32m    LOG[39m [38;5;3m[InstanceLoader] [39m[32mDashboardModule dependencies initialized[39m[38;5;3m +0ms[39m
[32m[Nest] 51476  - [39m02/13/2026, 3:56:15 PM [32m    LOG[39m [38;5;3m[InstanceLoader] [39m[32mTransactionsModule dependencies initialized[39m[38;5;3m +0ms[39m
[32m[Nest] 51476  - [39m02/13/2026, 3:56:15 PM [32m    LOG[39m [38;5;3m[InstanceLoader] [39m[32mSubscriptionsModule dependencies initialized[39m[38;5;3m +0ms[39m
[32m[Nest] 51476  - [39m02/13/2026, 3:56:15 PM [32m    LOG[39m [38;5;3m[InstanceLoader] [39m[32mAuthModule dependencies initialized[39m[38;5;3m +0ms[39m
[32m[Nest] 51476  - [39m02/13/2026, 3:56:15 PM [32m    LOG[39m [38;5;3m[RoutesResolver] [39m[32mAppController {/}:[39m[38;5;3m +3ms[39m
[32m[Nest] 51476  - [39m02/13/2026, 3:56:15 PM [32m    LOG[39m [38;5;3m[RouterExplorer] [39m[32mMapped {/, GET} route[39m[38;5;3m +2ms[39m
[32m[Nest] 51476  - [39m02/13/2026, 3:56:15 PM [32m    LOG[39m [38;5;3m[RoutesResolver] [39m[32mUsersController {/users}:[39m[38;5;3m +0ms[39m
[32m[Nest] 51476  - [39m02/13/2026, 3:56:15 PM [32m    LOG[39m [38;5;3m[RouterExplorer] [39m[32mMapped {/users, POST} route[39m[38;5;3m +0ms[39m
[32m[Nest] 51476  - [39m02/13/2026, 3:56:15 PM [32m    LOG[39m [38;5;3m[RouterExplorer] [39m[32mMapped {/users, GET} route[39m[38;5;3m +0ms[39m
[32m[Nest] 51476  - [39m02/13/2026, 3:56:15 PM [32m    LOG[39m [38;5;3m[RouterExplorer] [39m[32mMapped {/users/:id, GET} route[39m[38;5;3m +0ms[39m
[32m[Nest] 51476  - [39m02/13/2026, 3:56:15 PM [32m    LOG[39m [38;5;3m[RouterExplorer] [39m[32mMapped {/users/:id, PATCH} route[39m[38;5;3m +1ms[39m
[32m[Nest] 51476  - [39m02/13/2026, 3:56:15 PM [32m    LOG[39m [38;5;3m[RouterExplorer] [39m[32mMapped {/users/:id, DELETE} route[39m[38;5;3m +0ms[39m
[32m[Nest] 51476  - [39m02/13/2026, 3:56:15 PM [32m    LOG[39m [38;5;3m[RoutesResolver] [39m[32mAuthController {/auth}:[39m[38;5;3m +0ms[39m
[32m[Nest] 51476  - [39m02/13/2026, 3:56:15 PM [32m    LOG[39m [38;5;3m[RouterExplorer] [39m[32mMapped {/auth/google, GET} route[39m[38;5;3m +0ms[39m
[32m[Nest] 51476  - [39m02/13/2026, 3:56:15 PM [32m    LOG[39m [38;5;3m[RouterExplorer] [39m[32mMapped {/auth/google/redirect, GET} route[39m[38;5;3m +0ms[39m
[32m[Nest] 51476  - [39m02/13/2026, 3:56:15 PM [32m    LOG[39m [38;5;3m[RouterExplorer] [39m[32mMapped {/auth/verify-email, POST} route[39m[38;5;3m +0ms[39m
[32m[Nest] 51476  - [39m02/13/2026, 3:56:15 PM [32m    LOG[39m [38;5;3m[RouterExplorer] [39m[32mMapped {/auth/resend-verification, POST} route[39m[38;5;3m +0ms[39m
[32m[Nest] 51476  - [39m02/13/2026, 3:56:15 PM [32m    LOG[39m [38;5;3m[RouterExplorer] [39m[32mMapped {/auth/login, POST} route[39m[38;5;3m +0ms[39m
[32m[Nest] 51476  - [39m02/13/2026, 3:56:15 PM [32m    LOG[39m [38;5;3m[RouterExplorer] [39m[32mMapped {/auth/2fa/login, POST} route[39m[38;5;3m +0ms[39m
[32m[Nest] 51476  - [39m02/13/2026, 3:56:15 PM [32m    LOG[39m [38;5;3m[RouterExplorer] [39m[32mMapped {/auth/2fa/resend, POST} route[39m[38;5;3m +1ms[39m
[32m[Nest] 51476  - [39m02/13/2026, 3:56:15 PM [32m    LOG[39m [38;5;3m[RouterExplorer] [39m[32mMapped {/auth/2fa/enable, POST} route[39m[38;5;3m +0ms[39m
[32m[Nest] 51476  - [39m02/13/2026, 3:56:15 PM [32m    LOG[39m [38;5;3m[RouterExplorer] [39m[32mMapped {/auth/2fa/disable, POST} route[39m[38;5;3m +0ms[39m
[32m[Nest] 51476  - [39m02/13/2026, 3:56:15 PM [32m    LOG[39m [38;5;3m[RouterExplorer] [39m[32mMapped {/auth/register, POST} route[39m[38;5;3m +0ms[39m
[32m[Nest] 51476  - [39m02/13/2026, 3:56:15 PM [32m    LOG[39m [38;5;3m[RouterExplorer] [39m[32mMapped {/auth/forgot-password, POST} route[39m[38;5;3m +0ms[39m
[32m[Nest] 51476  - [39m02/13/2026, 3:56:15 PM [32m    LOG[39m [38;5;3m[RouterExplorer] [39m[32mMapped {/auth/reset-password, POST} route[39m[38;5;3m +0ms[39m
[32m[Nest] 51476  - [39m02/13/2026, 3:56:15 PM [32m    LOG[39m [38;5;3m[RouterExplorer] [39m[32mMapped {/auth/profile, GET} route[39m[38;5;3m +0ms[39m
[32m[Nest] 51476  - [39m02/13/2026, 3:56:15 PM [32m    LOG[39m [38;5;3m[RoutesResolver] [39m[32mWalletsController {/wallets}:[39m[38;5;3m +0ms[39m
[32m[Nest] 51476  - [39m02/13/2026, 3:56:15 PM [32m    LOG[39m [38;5;3m[RouterExplorer] [39m[32mMapped {/wallets, POST} route[39m[38;5;3m +0ms[39m
[32m[Nest] 51476  - [39m02/13/2026, 3:56:15 PM [32m    LOG[39m [38;5;3m[RouterExplorer] [39m[32mMapped {/wallets, GET} route[39m[38;5;3m +0ms[39m
[32m[Nest] 51476  - [39m02/13/2026, 3:56:15 PM [32m    LOG[39m [38;5;3m[RouterExplorer] [39m[32mMapped {/wallets/:id, GET} route[39m[38;5;3m +0ms[39m
[32m[Nest] 51476  - [39m02/13/2026, 3:56:15 PM [32m    LOG[39m [38;5;3m[RouterExplorer] [39m[32mMapped {/wallets/:id/add-incoming, PATCH} route[39m[38;5;3m +0ms[39m
[32m[Nest] 51476  - [39m02/13/2026, 3:56:15 PM [32m    LOG[39m [38;5;3m[RouterExplorer] [39m[32mMapped {/wallets/:id/add-expense, PATCH} route[39m[38;5;3m +0ms[39m
[32m[Nest] 51476  - [39m02/13/2026, 3:56:15 PM [32m    LOG[39m [38;5;3m[RouterExplorer] [39m[32mMapped {/wallets/:id, PATCH} route[39m[38;5;3m +1ms[39m
[32m[Nest] 51476  - [39m02/13/2026, 3:56:15 PM [32m    LOG[39m [38;5;3m[RouterExplorer] [39m[32mMapped {/wallets/:id, DELETE} route[39m[38;5;3m +0ms[39m
[32m[Nest] 51476  - [39m02/13/2026, 3:56:15 PM [32m    LOG[39m [38;5;3m[RoutesResolver] [39m[32mTransactionsController {/transactions}:[39m[38;5;3m +0ms[39m
[32m[Nest] 51476  - [39m02/13/2026, 3:56:15 PM [32m    LOG[39m [38;5;3m[RouterExplorer] [39m[32mMapped {/transactions, POST} route[39m[38;5;3m +0ms[39m
[32m[Nest] 51476  - [39m02/13/2026, 3:56:15 PM [32m    LOG[39m [38;5;3m[RouterExplorer] [39m[32mMapped {/transactions, GET} route[39m[38;5;3m +0ms[39m
[32m[Nest] 51476  - [39m02/13/2026, 3:56:15 PM [32m    LOG[39m [38;5;3m[RouterExplorer] [39m[32mMapped {/transactions/:id, GET} route[39m[38;5;3m +0ms[39m
[32m[Nest] 51476  - [39m02/13/2026, 3:56:15 PM [32m    LOG[39m [38;5;3m[RouterExplorer] [39m[32mMapped {/transactions/:id, PATCH} route[39m[38;5;3m +0ms[39m
[32m[Nest] 51476  - [39m02/13/2026, 3:56:15 PM [32m    LOG[39m [38;5;3m[RouterExplorer] [39m[32mMapped {/transactions/:id, DELETE} route[39m[38;5;3m +0ms[39m
[32m[Nest] 51476  - [39m02/13/2026, 3:56:15 PM [32m    LOG[39m [38;5;3m[RoutesResolver] [39m[32mCategoriesController {/categories}:[39m[38;5;3m +0ms[39m
[32m[Nest] 51476  - [39m02/13/2026, 3:56:15 PM [32m    LOG[39m [38;5;3m[RouterExplorer] [39m[32mMapped {/categories, POST} route[39m[38;5;3m +0ms[39m
[32m[Nest] 51476  - [39m02/13/2026, 3:56:15 PM [32m    LOG[39m [38;5;3m[RouterExplorer] [39m[32mMapped {/categories, GET} route[39m[38;5;3m +0ms[39m
[32m[Nest] 51476  - [39m02/13/2026, 3:56:15 PM [32m    LOG[39m [38;5;3m[RouterExplorer] [39m[32mMapped {/categories/:id, GET} route[39m[38;5;3m +0ms[39m
[32m[Nest] 51476  - [39m02/13/2026, 3:56:15 PM [32m    LOG[39m [38;5;3m[RouterExplorer] [39m[32mMapped {/categories/:id, PATCH} route[39m[38;5;3m +0ms[39m
[32m[Nest] 51476  - [39m02/13/2026, 3:56:15 PM [32m    LOG[39m [38;5;3m[RouterExplorer] [39m[32mMapped {/categories/:id, DELETE} route[39m[38;5;3m +0ms[39m
[32m[Nest] 51476  - [39m02/13/2026, 3:56:15 PM [32m    LOG[39m [38;5;3m[RoutesResolver] [39m[32mSubscriptionsController {/subscriptions}:[39m[38;5;3m +0ms[39m
[32m[Nest] 51476  - [39m02/13/2026, 3:56:15 PM [32m    LOG[39m [38;5;3m[RouterExplorer] [39m[32mMapped {/subscriptions, POST} route[39m[38;5;3m +1ms[39m
[32m[Nest] 51476  - [39m02/13/2026, 3:56:15 PM [32m    LOG[39m [38;5;3m[RouterExplorer] [39m[32mMapped {/subscriptions/trigger, POST} route[39m[38;5;3m +0ms[39m
[32m[Nest] 51476  - [39m02/13/2026, 3:56:15 PM [32m    LOG[39m [38;5;3m[RouterExplorer] [39m[32mMapped {/subscriptions, GET} route[39m[38;5;3m +0ms[39m
[32m[Nest] 51476  - [39m02/13/2026, 3:56:15 PM [32m    LOG[39m [38;5;3m[RouterExplorer] [39m[32mMapped {/subscriptions/:id, GET} route[39m[38;5;3m +0ms[39m
[32m[Nest] 51476  - [39m02/13/2026, 3:56:15 PM [32m    LOG[39m [38;5;3m[RouterExplorer] [39m[32mMapped {/subscriptions/:id, PATCH} route[39m[38;5;3m +0ms[39m
[32m[Nest] 51476  - [39m02/13/2026, 3:56:15 PM [32m    LOG[39m [38;5;3m[RouterExplorer] [39m[32mMapped {/subscriptions/:id, DELETE} route[39m[38;5;3m +0ms[39m
[32m[Nest] 51476  - [39m02/13/2026, 3:56:15 PM [32m    LOG[39m [38;5;3m[RoutesResolver] [39m[32mInvestmentsController {/investments}:[39m[38;5;3m +0ms[39m
[32m[Nest] 51476  - [39m02/13/2026, 3:56:15 PM [32m    LOG[39m [38;5;3m[RouterExplorer] [39m[32mMapped {/investments, POST} route[39m[38;5;3m +0ms[39m
[32m[Nest] 51476  - [39m02/13/2026, 3:56:15 PM [32m    LOG[39m [38;5;3m[RouterExplorer] [39m[32mMapped {/investments, GET} route[39m[38;5;3m +0ms[39m
[32m[Nest] 51476  - [39m02/13/2026, 3:56:15 PM [32m    LOG[39m [38;5;3m[RouterExplorer] [39m[32mMapped {/investments/:id, GET} route[39m[38;5;3m +0ms[39m
[32m[Nest] 51476  - [39m02/13/2026, 3:56:15 PM [32m    LOG[39m [38;5;3m[RouterExplorer] [39m[32mMapped {/investments/:id, PATCH} route[39m[38;5;3m +0ms[39m
[32m[Nest] 51476  - [39m02/13/2026, 3:56:15 PM [32m    LOG[39m [38;5;3m[RouterExplorer] [39m[32mMapped {/investments/:id, DELETE} route[39m[38;5;3m +0ms[39m
[32m[Nest] 51476  - [39m02/13/2026, 3:56:15 PM [32m    LOG[39m [38;5;3m[RoutesResolver] [39m[32mDashboardController {/dashboard}:[39m[38;5;3m +0ms[39m
[32m[Nest] 51476  - [39m02/13/2026, 3:56:15 PM [32m    LOG[39m [38;5;3m[RouterExplorer] [39m[32mMapped {/dashboard, GET} route[39m[38;5;3m +0ms[39m
[32m[Nest] 51476  - [39m02/13/2026, 3:56:15 PM [32m    LOG[39m [38;5;3m[NestApplication] [39m[32mNest application successfully started[39m[38;5;3m +29ms[39m
[2J[3J[H[[90m3:56:19 PM[0m] File change detected. Starting incremental compilation...

[[90m3:56:19 PM[0m] Found 0 errors. Watching for file changes.

[32m[Nest] 51499  - [39m02/13/2026, 3:56:19 PM [32m    LOG[39m [38;5;3m[NestFactory] [39m[32mStarting Nest application...[39m
[32m[Nest] 51499  - [39m02/13/2026, 3:56:19 PM [32m    LOG[39m [38;5;3m[InstanceLoader] [39m[32mMailerModule dependencies initialized[39m[38;5;3m +14ms[39m
[32m[Nest] 51499  - [39m02/13/2026, 3:56:19 PM [32m    LOG[39m [38;5;3m[InstanceLoader] [39m[32mPrismaModule dependencies initialized[39m[38;5;3m +3ms[39m
[32m[Nest] 51499  - [39m02/13/2026, 3:56:19 PM [32m    LOG[39m [38;5;3m[InstanceLoader] [39m[32mPassportModule dependencies initialized[39m[38;5;3m +0ms[39m
[32m[Nest] 51499  - [39m02/13/2026, 3:56:19 PM [32m    LOG[39m [38;5;3m[InstanceLoader] [39m[32mConfigHostModule dependencies initialized[39m[38;5;3m +1ms[39m
[32m[Nest] 51499  - [39m02/13/2026, 3:56:19 PM [32m    LOG[39m [38;5;3m[InstanceLoader] [39m[32mJwtModule dependencies initialized[39m[38;5;3m +0ms[39m
[32m[Nest] 51499  - [39m02/13/2026, 3:56:19 PM [32m    LOG[39m [38;5;3m[InstanceLoader] [39m[32mAppModule dependencies initialized[39m[38;5;3m +1ms[39m
[32m[Nest] 51499  - [39m02/13/2026, 3:56:19 PM [32m    LOG[39m [38;5;3m[InstanceLoader] [39m[32mInvestmentsModule dependencies initialized[39m[38;5;3m +0ms[39m
[32m[Nest] 51499  - [39m02/13/2026, 3:56:19 PM [32m    LOG[39m [38;5;3m[InstanceLoader] [39m[32mConfigModule dependencies initialized[39m[38;5;3m +0ms[39m
[32m[Nest] 51499  - [39m02/13/2026, 3:56:19 PM [32m    LOG[39m [38;5;3m[InstanceLoader] [39m[32mConfigModule dependencies initialized[39m[38;5;3m +0ms[39m
[32m[Nest] 51499  - [39m02/13/2026, 3:56:19 PM [32m    LOG[39m [38;5;3m[InstanceLoader] [39m[32mUsersModule dependencies initialized[39m[38;5;3m +5ms[39m
[32m[Nest] 51499  - [39m02/13/2026, 3:56:19 PM [32m    LOG[39m [38;5;3m[InstanceLoader] [39m[32mMailerCoreModule dependencies initialized[39m[38;5;3m +0ms[39m
[32m[Nest] 51499  - [39m02/13/2026, 3:56:19 PM [32m    LOG[39m [38;5;3m[InstanceLoader] [39m[32mWalletsModule dependencies initialized[39m[38;5;3m +1ms[39m
[32m[Nest] 51499  - [39m02/13/2026, 3:56:19 PM [32m    LOG[39m [38;5;3m[InstanceLoader] [39m[32mCategoriesModule dependencies initialized[39m[38;5;3m +0ms[39m
[32m[Nest] 51499  - [39m02/13/2026, 3:56:19 PM [32m    LOG[39m [38;5;3m[InstanceLoader] [39m[32mDashboardModule dependencies initialized[39m[38;5;3m +0ms[39m
[32m[Nest] 51499  - [39m02/13/2026, 3:56:19 PM [32m    LOG[39m [38;5;3m[InstanceLoader] [39m[32mTransactionsModule dependencies initialized[39m[38;5;3m +0ms[39m
[32m[Nest] 51499  - [39m02/13/2026, 3:56:19 PM [32m    LOG[39m [38;5;3m[InstanceLoader] [39m[32mSubscriptionsModule dependencies initialized[39m[38;5;3m +0ms[39m
[32m[Nest] 51499  - [39m02/13/2026, 3:56:19 PM [32m    LOG[39m [38;5;3m[InstanceLoader] [39m[32mAuthModule dependencies initialized[39m[38;5;3m +0ms[39m
[32m[Nest] 51499  - [39m02/13/2026, 3:56:19 PM [32m    LOG[39m [38;5;3m[RoutesResolver] [39m[32mAppController {/}:[39m[38;5;3m +3ms[39m
[32m[Nest] 51499  - [39m02/13/2026, 3:56:19 PM [32m    LOG[39m [38;5;3m[RouterExplorer] [39m[32mMapped {/, GET} route[39m[38;5;3m +2ms[39m
[32m[Nest] 51499  - [39m02/13/2026, 3:56:19 PM [32m    LOG[39m [38;5;3m[RoutesResolver] [39m[32mUsersController {/users}:[39m[38;5;3m +0ms[39m
[32m[Nest] 51499  - [39m02/13/2026, 3:56:19 PM [32m    LOG[39m [38;5;3m[RouterExplorer] [39m[32mMapped {/users, POST} route[39m[38;5;3m +0ms[39m
[32m[Nest] 51499  - [39m02/13/2026, 3:56:19 PM [32m    LOG[39m [38;5;3m[RouterExplorer] [39m[32mMapped {/users, GET} route[39m[38;5;3m +0ms[39m
[32m[Nest] 51499  - [39m02/13/2026, 3:56:19 PM [32m    LOG[39m [38;5;3m[RouterExplorer] [39m[32mMapped {/users/:id, GET} route[39m[38;5;3m +0ms[39m
[32m[Nest] 51499  - [39m02/13/2026, 3:56:19 PM [32m    LOG[39m [38;5;3m[RouterExplorer] [39m[32mMapped {/users/:id, PATCH} route[39m[38;5;3m +1ms[39m
[32m[Nest] 51499  - [39m02/13/2026, 3:56:19 PM [32m    LOG[39m [38;5;3m[RouterExplorer] [39m[32mMapped {/users/:id, DELETE} route[39m[38;5;3m +0ms[39m
[32m[Nest] 51499  - [39m02/13/2026, 3:56:19 PM [32m    LOG[39m [38;5;3m[RoutesResolver] [39m[32mAuthController {/auth}:[39m[38;5;3m +0ms[39m
[32m[Nest] 51499  - [39m02/13/2026, 3:56:19 PM [32m    LOG[39m [38;5;3m[RouterExplorer] [39m[32mMapped {/auth/google, GET} route[39m[38;5;3m +0ms[39m
[32m[Nest] 51499  - [39m02/13/2026, 3:56:19 PM [32m    LOG[39m [38;5;3m[RouterExplorer] [39m[32mMapped {/auth/google/redirect, GET} route[39m[38;5;3m +0ms[39m
[32m[Nest] 51499  - [39m02/13/2026, 3:56:19 PM [32m    LOG[39m [38;5;3m[RouterExplorer] [39m[32mMapped {/auth/verify-email, POST} route[39m[38;5;3m +0ms[39m
[32m[Nest] 51499  - [39m02/13/2026, 3:56:19 PM [32m    LOG[39m [38;5;3m[RouterExplorer] [39m[32mMapped {/auth/resend-verification, POST} route[39m[38;5;3m +0ms[39m
[32m[Nest] 51499  - [39m02/13/2026, 3:56:19 PM [32m    LOG[39m [38;5;3m[RouterExplorer] [39m[32mMapped {/auth/login, POST} route[39m[38;5;3m +0ms[39m
[32m[Nest] 51499  - [39m02/13/2026, 3:56:19 PM [32m    LOG[39m [38;5;3m[RouterExplorer] [39m[32mMapped {/auth/2fa/login, POST} route[39m[38;5;3m +1ms[39m
[32m[Nest] 51499  - [39m02/13/2026, 3:56:19 PM [32m    LOG[39m [38;5;3m[RouterExplorer] [39m[32mMapped {/auth/2fa/resend, POST} route[39m[38;5;3m +0ms[39m
[32m[Nest] 51499  - [39m02/13/2026, 3:56:19 PM [32m    LOG[39m [38;5;3m[RouterExplorer] [39m[32mMapped {/auth/2fa/enable, POST} route[39m[38;5;3m +0ms[39m
[32m[Nest] 51499  - [39m02/13/2026, 3:56:19 PM [32m    LOG[39m [38;5;3m[RouterExplorer] [39m[32mMapped {/auth/2fa/disable, POST} route[39m[38;5;3m +0ms[39m
[32m[Nest] 51499  - [39m02/13/2026, 3:56:19 PM [32m    LOG[39m [38;5;3m[RouterExplorer] [39m[32mMapped {/auth/register, POST} route[39m[38;5;3m +0ms[39m
[32m[Nest] 51499  - [39m02/13/2026, 3:56:19 PM [32m    LOG[39m [38;5;3m[RouterExplorer] [39m[32mMapped {/auth/forgot-password, POST} route[39m[38;5;3m +0ms[39m
[32m[Nest] 51499  - [39m02/13/2026, 3:56:19 PM [32m    LOG[39m [38;5;3m[RouterExplorer] [39m[32mMapped {/auth/reset-password, POST} route[39m[38;5;3m +0ms[39m
[32m[Nest] 51499  - [39m02/13/2026, 3:56:19 PM [32m    LOG[39m [38;5;3m[RouterExplorer] [39m[32mMapped {/auth/profile, GET} route[39m[38;5;3m +0ms[39m
[32m[Nest] 51499  - [39m02/13/2026, 3:56:19 PM [32m    LOG[39m [38;5;3m[RoutesResolver] [39m[32mWalletsController {/wallets}:[39m[38;5;3m +0ms[39m
[32m[Nest] 51499  - [39m02/13/2026, 3:56:19 PM [32m    LOG[39m [38;5;3m[RouterExplorer] [39m[32mMapped {/wallets, POST} route[39m[38;5;3m +0ms[39m
[32m[Nest] 51499  - [39m02/13/2026, 3:56:19 PM [32m    LOG[39m [38;5;3m[RouterExplorer] [39m[32mMapped {/wallets, GET} route[39m[38;5;3m +0ms[39m
[32m[Nest] 51499  - [39m02/13/2026, 3:56:19 PM [32m    LOG[39m [38;5;3m[RouterExplorer] [39m[32mMapped {/wallets/:id, GET} route[39m[38;5;3m +0ms[39m
[32m[Nest] 51499  - [39m02/13/2026, 3:56:19 PM [32m    LOG[39m [38;5;3m[RouterExplorer] [39m[32mMapped {/wallets/:id/add-incoming, PATCH} route[39m[38;5;3m +0ms[39m
[32m[Nest] 51499  - [39m02/13/2026, 3:56:19 PM [32m    LOG[39m [38;5;3m[RouterExplorer] [39m[32mMapped {/wallets/:id/add-expense, PATCH} route[39m[38;5;3m +0ms[39m
[32m[Nest] 51499  - [39m02/13/2026, 3:56:19 PM [32m    LOG[39m [38;5;3m[RouterExplorer] [39m[32mMapped {/wallets/:id, PATCH} route[39m[38;5;3m +1ms[39m
[32m[Nest] 51499  - [39m02/13/2026, 3:56:19 PM [32m    LOG[39m [38;5;3m[RouterExplorer] [39m[32mMapped {/wallets/:id, DELETE} route[39m[38;5;3m +0ms[39m
[32m[Nest] 51499  - [39m02/13/2026, 3:56:19 PM [32m    LOG[39m [38;5;3m[RoutesResolver] [39m[32mTransactionsController {/transactions}:[39m[38;5;3m +0ms[39m
[32m[Nest] 51499  - [39m02/13/2026, 3:56:19 PM [32m    LOG[39m [38;5;3m[RouterExplorer] [39m[32mMapped {/transactions, POST} route[39m[38;5;3m +0ms[39m
[32m[Nest] 51499  - [39m02/13/2026, 3:56:19 PM [32m    LOG[39m [38;5;3m[RouterExplorer] [39m[32mMapped {/transactions, GET} route[39m[38;5;3m +0ms[39m
[32m[Nest] 51499  - [39m02/13/2026, 3:56:19 PM [32m    LOG[39m [38;5;3m[RouterExplorer] [39m[32mMapped {/transactions/:id, GET} route[39m[38;5;3m +0ms[39m
[32m[Nest] 51499  - [39m02/13/2026, 3:56:19 PM [32m    LOG[39m [38;5;3m[RouterExplorer] [39m[32mMapped {/transactions/:id, PATCH} route[39m[38;5;3m +0ms[39m
[32m[Nest] 51499  - [39m02/13/2026, 3:56:19 PM [32m    LOG[39m [38;5;3m[RouterExplorer] [39m[32mMapped {/transactions/:id, DELETE} route[39m[38;5;3m +0ms[39m
[32m[Nest] 51499  - [39m02/13/2026, 3:56:19 PM [32m    LOG[39m [38;5;3m[RoutesResolver] [39m[32mCategoriesController {/categories}:[39m[38;5;3m +0ms[39m
[32m[Nest] 51499  - [39m02/13/2026, 3:56:19 PM [32m    LOG[39m [38;5;3m[RouterExplorer] [39m[32mMapped {/categories, POST} route[39m[38;5;3m +0ms[39m
[32m[Nest] 51499  - [39m02/13/2026, 3:56:19 PM [32m    LOG[39m [38;5;3m[RouterExplorer] [39m[32mMapped {/categories, GET} route[39m[38;5;3m +0ms[39m
[32m[Nest] 51499  - [39m02/13/2026, 3:56:19 PM [32m    LOG[39m [38;5;3m[RouterExplorer] [39m[32mMapped {/categories/:id, GET} route[39m[38;5;3m +0ms[39m
[32m[Nest] 51499  - [39m02/13/2026, 3:56:19 PM [32m    LOG[39m [38;5;3m[RouterExplorer] [39m[32mMapped {/categories/:id, PATCH} route[39m[38;5;3m +0ms[39m
[32m[Nest] 51499  - [39m02/13/2026, 3:56:19 PM [32m    LOG[39m [38;5;3m[RouterExplorer] [39m[32mMapped {/categories/:id, DELETE} route[39m[38;5;3m +0ms[39m
[32m[Nest] 51499  - [39m02/13/2026, 3:56:19 PM [32m    LOG[39m [38;5;3m[RoutesResolver] [39m[32mSubscriptionsController {/subscriptions}:[39m[38;5;3m +0ms[39m
[32m[Nest] 51499  - [39m02/13/2026, 3:56:19 PM [32m    LOG[39m [38;5;3m[RouterExplorer] [39m[32mMapped {/subscriptions, POST} route[39m[38;5;3m +0ms[39m
[32m[Nest] 51499  - [39m02/13/2026, 3:56:19 PM [32m    LOG[39m [38;5;3m[RouterExplorer] [39m[32mMapped {/subscriptions/trigger, POST} route[39m[38;5;3m +0ms[39m
[32m[Nest] 51499  - [39m02/13/2026, 3:56:19 PM [32m    LOG[39m [38;5;3m[RouterExplorer] [39m[32mMapped {/subscriptions, GET} route[39m[38;5;3m +0ms[39m
[32m[Nest] 51499  - [39m02/13/2026, 3:56:19 PM [32m    LOG[39m [38;5;3m[RouterExplorer] [39m[32mMapped {/subscriptions/:id, GET} route[39m[38;5;3m +1ms[39m
[32m[Nest] 51499  - [39m02/13/2026, 3:56:19 PM [32m    LOG[39m [38;5;3m[RouterExplorer] [39m[32mMapped {/subscriptions/:id, PATCH} route[39m[38;5;3m +0ms[39m
[32m[Nest] 51499  - [39m02/13/2026, 3:56:19 PM [32m    LOG[39m [38;5;3m[RouterExplorer] [39m[32mMapped {/subscriptions/:id, DELETE} route[39m[38;5;3m +0ms[39m
[32m[Nest] 51499  - [39m02/13/2026, 3:56:19 PM [32m    LOG[39m [38;5;3m[RoutesResolver] [39m[32mInvestmentsController {/investments}:[39m[38;5;3m +0ms[39m
[32m[Nest] 51499  - [39m02/13/2026, 3:56:19 PM [32m    LOG[39m [38;5;3m[RouterExplorer] [39m[32mMapped {/investments, POST} route[39m[38;5;3m +0ms[39m
[32m[Nest] 51499  - [39m02/13/2026, 3:56:19 PM [32m    LOG[39m [38;5;3m[RouterExplorer] [39m[32mMapped {/investments, GET} route[39m[38;5;3m +0ms[39m
[32m[Nest] 51499  - [39m02/13/2026, 3:56:19 PM [32m    LOG[39m [38;5;3m[RouterExplorer] [39m[32mMapped {/investments/:id, GET} route[39m[38;5;3m +0ms[39m
[32m[Nest] 51499  - [39m02/13/2026, 3:56:19 PM [32m    LOG[39m [38;5;3m[RouterExplorer] [39m[32mMapped {/investments/:id, PATCH} route[39m[38;5;3m +0ms[39m
[32m[Nest] 51499  - [39m02/13/2026, 3:56:19 PM [32m    LOG[39m [38;5;3m[RouterExplorer] [39m[32mMapped {/investments/:id, DELETE} route[39m[38;5;3m +0ms[39m
[32m[Nest] 51499  - [39m02/13/2026, 3:56:19 PM [32m    LOG[39m [38;5;3m[RoutesResolver] [39m[32mDashboardController {/dashboard}:[39m[38;5;3m +0ms[39m
[32m[Nest] 51499  - [39m02/13/2026, 3:56:19 PM [32m    LOG[39m [38;5;3m[RouterExplorer] [39m[32mMapped {/dashboard, GET} route[39m[38;5;3m +0ms[39m
[32m[Nest] 51499  - [39m02/13/2026, 3:56:19 PM [32m    LOG[39m [38;5;3m[NestApplication] [39m[32mNest application successfully started[39m[38;5;3m +19ms[39m
[2J[3J[H[[90m4:07:32 PM[0m] File change detected. Starting incremental compilation...

[[90m4:07:32 PM[0m] Found 0 errors. Watching for file changes.

[32m[Nest] 51735  - [39m02/13/2026, 4:07:33 PM [32m    LOG[39m [38;5;3m[NestFactory] [39m[32mStarting Nest application...[39m
[32m[Nest] 51735  - [39m02/13/2026, 4:07:33 PM [32m    LOG[39m [38;5;3m[InstanceLoader] [39m[32mMailerModule dependencies initialized[39m[38;5;3m +12ms[39m
[32m[Nest] 51735  - [39m02/13/2026, 4:07:33 PM [32m    LOG[39m [38;5;3m[InstanceLoader] [39m[32mPrismaModule dependencies initialized[39m[38;5;3m +347ms[39m
[32m[Nest] 51735  - [39m02/13/2026, 4:07:33 PM [32m    LOG[39m [38;5;3m[InstanceLoader] [39m[32mPassportModule dependencies initialized[39m[38;5;3m +1ms[39m
[32m[Nest] 51735  - [39m02/13/2026, 4:07:33 PM [32m    LOG[39m [38;5;3m[InstanceLoader] [39m[32mConfigHostModule dependencies initialized[39m[38;5;3m +6ms[39m
[32m[Nest] 51735  - [39m02/13/2026, 4:07:33 PM [32m    LOG[39m [38;5;3m[InstanceLoader] [39m[32mJwtModule dependencies initialized[39m[38;5;3m +0ms[39m
[32m[Nest] 51735  - [39m02/13/2026, 4:07:33 PM [32m    LOG[39m [38;5;3m[InstanceLoader] [39m[32mAppModule dependencies initialized[39m[38;5;3m +6ms[39m
[32m[Nest] 51735  - [39m02/13/2026, 4:07:33 PM [32m    LOG[39m [38;5;3m[InstanceLoader] [39m[32mInvestmentsModule dependencies initialized[39m[38;5;3m +1ms[39m
[32m[Nest] 51735  - [39m02/13/2026, 4:07:33 PM [32m    LOG[39m [38;5;3m[InstanceLoader] [39m[32mConfigModule dependencies initialized[39m[38;5;3m +0ms[39m
[32m[Nest] 51735  - [39m02/13/2026, 4:07:33 PM [32m    LOG[39m [38;5;3m[InstanceLoader] [39m[32mConfigModule dependencies initialized[39m[38;5;3m +0ms[39m
[32m[Nest] 51735  - [39m02/13/2026, 4:07:33 PM [32m    LOG[39m [38;5;3m[InstanceLoader] [39m[32mUsersModule dependencies initialized[39m[38;5;3m +8ms[39m
[32m[Nest] 51735  - [39m02/13/2026, 4:07:33 PM [32m    LOG[39m [38;5;3m[InstanceLoader] [39m[32mMailerCoreModule dependencies initialized[39m[38;5;3m +0ms[39m
[32m[Nest] 51735  - [39m02/13/2026, 4:07:33 PM [32m    LOG[39m [38;5;3m[InstanceLoader] [39m[32mWalletsModule dependencies initialized[39m[38;5;3m +1ms[39m
[32m[Nest] 51735  - [39m02/13/2026, 4:07:33 PM [32m    LOG[39m [38;5;3m[InstanceLoader] [39m[32mCategoriesModule dependencies initialized[39m[38;5;3m +0ms[39m
[32m[Nest] 51735  - [39m02/13/2026, 4:07:33 PM [32m    LOG[39m [38;5;3m[InstanceLoader] [39m[32mDashboardModule dependencies initialized[39m[38;5;3m +1ms[39m
[32m[Nest] 51735  - [39m02/13/2026, 4:07:33 PM [32m    LOG[39m [38;5;3m[InstanceLoader] [39m[32mTransactionsModule dependencies initialized[39m[38;5;3m +0ms[39m
[32m[Nest] 51735  - [39m02/13/2026, 4:07:33 PM [32m    LOG[39m [38;5;3m[InstanceLoader] [39m[32mSubscriptionsModule dependencies initialized[39m[38;5;3m +0ms[39m
[32m[Nest] 51735  - [39m02/13/2026, 4:07:33 PM [32m    LOG[39m [38;5;3m[InstanceLoader] [39m[32mAuthModule dependencies initialized[39m[38;5;3m +0ms[39m
[32m[Nest] 51735  - [39m02/13/2026, 4:07:33 PM [32m    LOG[39m [38;5;3m[RoutesResolver] [39m[32mAppController {/}:[39m[38;5;3m +3ms[39m
[32m[Nest] 51735  - [39m02/13/2026, 4:07:33 PM [32m    LOG[39m [38;5;3m[RouterExplorer] [39m[32mMapped {/, GET} route[39m[38;5;3m +2ms[39m
[32m[Nest] 51735  - [39m02/13/2026, 4:07:33 PM [32m    LOG[39m [38;5;3m[RoutesResolver] [39m[32mUsersController {/users}:[39m[38;5;3m +0ms[39m
[32m[Nest] 51735  - [39m02/13/2026, 4:07:33 PM [32m    LOG[39m [38;5;3m[RouterExplorer] [39m[32mMapped {/users, POST} route[39m[38;5;3m +1ms[39m
[32m[Nest] 51735  - [39m02/13/2026, 4:07:33 PM [32m    LOG[39m [38;5;3m[RouterExplorer] [39m[32mMapped {/users, GET} route[39m[38;5;3m +0ms[39m
[32m[Nest] 51735  - [39m02/13/2026, 4:07:33 PM [32m    LOG[39m [38;5;3m[RouterExplorer] [39m[32mMapped {/users/:id, GET} route[39m[38;5;3m +0ms[39m
[32m[Nest] 51735  - [39m02/13/2026, 4:07:33 PM [32m    LOG[39m [38;5;3m[RouterExplorer] [39m[32mMapped {/users/:id, PATCH} route[39m[38;5;3m +0ms[39m
[32m[Nest] 51735  - [39m02/13/2026, 4:07:33 PM [32m    LOG[39m [38;5;3m[RouterExplorer] [39m[32mMapped {/users/:id, DELETE} route[39m[38;5;3m +0ms[39m
[32m[Nest] 51735  - [39m02/13/2026, 4:07:33 PM [32m    LOG[39m [38;5;3m[RoutesResolver] [39m[32mAuthController {/auth}:[39m[38;5;3m +0ms[39m
[32m[Nest] 51735  - [39m02/13/2026, 4:07:33 PM [32m    LOG[39m [38;5;3m[RouterExplorer] [39m[32mMapped {/auth/google, GET} route[39m[38;5;3m +1ms[39m
[32m[Nest] 51735  - [39m02/13/2026, 4:07:33 PM [32m    LOG[39m [38;5;3m[RouterExplorer] [39m[32mMapped {/auth/google/redirect, GET} route[39m[38;5;3m +0ms[39m
[32m[Nest] 51735  - [39m02/13/2026, 4:07:33 PM [32m    LOG[39m [38;5;3m[RouterExplorer] [39m[32mMapped {/auth/verify-email, POST} route[39m[38;5;3m +0ms[39m
[32m[Nest] 51735  - [39m02/13/2026, 4:07:33 PM [32m    LOG[39m [38;5;3m[RouterExplorer] [39m[32mMapped {/auth/resend-verification, POST} route[39m[38;5;3m +0ms[39m
[32m[Nest] 51735  - [39m02/13/2026, 4:07:33 PM [32m    LOG[39m [38;5;3m[RouterExplorer] [39m[32mMapped {/auth/login, POST} route[39m[38;5;3m +0ms[39m
[32m[Nest] 51735  - [39m02/13/2026, 4:07:33 PM [32m    LOG[39m [38;5;3m[RouterExplorer] [39m[32mMapped {/auth/2fa/login, POST} route[39m[38;5;3m +0ms[39m
[32m[Nest] 51735  - [39m02/13/2026, 4:07:33 PM [32m    LOG[39m [38;5;3m[RouterExplorer] [39m[32mMapped {/auth/2fa/resend, POST} route[39m[38;5;3m +0ms[39m
[32m[Nest] 51735  - [39m02/13/2026, 4:07:33 PM [32m    LOG[39m [38;5;3m[RouterExplorer] [39m[32mMapped {/auth/2fa/enable, POST} route[39m[38;5;3m +0ms[39m
[32m[Nest] 51735  - [39m02/13/2026, 4:07:33 PM [32m    LOG[39m [38;5;3m[RouterExplorer] [39m[32mMapped {/auth/2fa/disable, POST} route[39m[38;5;3m +1ms[39m
[32m[Nest] 51735  - [39m02/13/2026, 4:07:33 PM [32m    LOG[39m [38;5;3m[RouterExplorer] [39m[32mMapped {/auth/register, POST} route[39m[38;5;3m +0ms[39m
[32m[Nest] 51735  - [39m02/13/2026, 4:07:33 PM [32m    LOG[39m [38;5;3m[RouterExplorer] [39m[32mMapped {/auth/forgot-password, POST} route[39m[38;5;3m +0ms[39m
[32m[Nest] 51735  - [39m02/13/2026, 4:07:33 PM [32m    LOG[39m [38;5;3m[RouterExplorer] [39m[32mMapped {/auth/reset-password, POST} route[39m[38;5;3m +0ms[39m
[32m[Nest] 51735  - [39m02/13/2026, 4:07:33 PM [32m    LOG[39m [38;5;3m[RouterExplorer] [39m[32mMapped {/auth/profile, GET} route[39m[38;5;3m +0ms[39m
[32m[Nest] 51735  - [39m02/13/2026, 4:07:33 PM [32m    LOG[39m [38;5;3m[RoutesResolver] [39m[32mWalletsController {/wallets}:[39m[38;5;3m +0ms[39m
[32m[Nest] 51735  - [39m02/13/2026, 4:07:33 PM [32m    LOG[39m [38;5;3m[RouterExplorer] [39m[32mMapped {/wallets, POST} route[39m[38;5;3m +0ms[39m
[32m[Nest] 51735  - [39m02/13/2026, 4:07:33 PM [32m    LOG[39m [38;5;3m[RouterExplorer] [39m[32mMapped {/wallets, GET} route[39m[38;5;3m +0ms[39m
[32m[Nest] 51735  - [39m02/13/2026, 4:07:33 PM [32m    LOG[39m [38;5;3m[RouterExplorer] [39m[32mMapped {/wallets/:id, GET} route[39m[38;5;3m +0ms[39m
[32m[Nest] 51735  - [39m02/13/2026, 4:07:33 PM [32m    LOG[39m [38;5;3m[RouterExplorer] [39m[32mMapped {/wallets/:id/add-incoming, PATCH} route[39m[38;5;3m +0ms[39m
[32m[Nest] 51735  - [39m02/13/2026, 4:07:33 PM [32m    LOG[39m [38;5;3m[RouterExplorer] [39m[32mMapped {/wallets/:id/add-expense, PATCH} route[39m[38;5;3m +0ms[39m
[32m[Nest] 51735  - [39m02/13/2026, 4:07:33 PM [32m    LOG[39m [38;5;3m[RouterExplorer] [39m[32mMapped {/wallets/:id, PATCH} route[39m[38;5;3m +0ms[39m
[32m[Nest] 51735  - [39m02/13/2026, 4:07:33 PM [32m    LOG[39m [38;5;3m[RouterExplorer] [39m[32mMapped {/wallets/:id, DELETE} route[39m[38;5;3m +0ms[39m
[32m[Nest] 51735  - [39m02/13/2026, 4:07:33 PM [32m    LOG[39m [38;5;3m[RoutesResolver] [39m[32mTransactionsController {/transactions}:[39m[38;5;3m +0ms[39m
[32m[Nest] 51735  - [39m02/13/2026, 4:07:33 PM [32m    LOG[39m [38;5;3m[RouterExplorer] [39m[32mMapped {/transactions, POST} route[39m[38;5;3m +1ms[39m
[32m[Nest] 51735  - [39m02/13/2026, 4:07:33 PM [32m    LOG[39m [38;5;3m[RouterExplorer] [39m[32mMapped {/transactions, GET} route[39m[38;5;3m +0ms[39m
[32m[Nest] 51735  - [39m02/13/2026, 4:07:33 PM [32m    LOG[39m [38;5;3m[RouterExplorer] [39m[32mMapped {/transactions/:id, GET} route[39m[38;5;3m +0ms[39m
[32m[Nest] 51735  - [39m02/13/2026, 4:07:33 PM [32m    LOG[39m [38;5;3m[RouterExplorer] [39m[32mMapped {/transactions/:id, PATCH} route[39m[38;5;3m +0ms[39m
[32m[Nest] 51735  - [39m02/13/2026, 4:07:33 PM [32m    LOG[39m [38;5;3m[RouterExplorer] [39m[32mMapped {/transactions/:id, DELETE} route[39m[38;5;3m +0ms[39m
[32m[Nest] 51735  - [39m02/13/2026, 4:07:33 PM [32m    LOG[39m [38;5;3m[RoutesResolver] [39m[32mCategoriesController {/categories}:[39m[38;5;3m +0ms[39m
[32m[Nest] 51735  - [39m02/13/2026, 4:07:33 PM [32m    LOG[39m [38;5;3m[RouterExplorer] [39m[32mMapped {/categories, POST} route[39m[38;5;3m +0ms[39m
[32m[Nest] 51735  - [39m02/13/2026, 4:07:33 PM [32m    LOG[39m [38;5;3m[RouterExplorer] [39m[32mMapped {/categories, GET} route[39m[38;5;3m +0ms[39m
[32m[Nest] 51735  - [39m02/13/2026, 4:07:33 PM [32m    LOG[39m [38;5;3m[RouterExplorer] [39m[32mMapped {/categories/:id, GET} route[39m[38;5;3m +0ms[39m
[32m[Nest] 51735  - [39m02/13/2026, 4:07:33 PM [32m    LOG[39m [38;5;3m[RouterExplorer] [39m[32mMapped {/categories/:id, PATCH} route[39m[38;5;3m +0ms[39m
[32m[Nest] 51735  - [39m02/13/2026, 4:07:33 PM [32m    LOG[39m [38;5;3m[RouterExplorer] [39m[32mMapped {/categories/:id, DELETE} route[39m[38;5;3m +0ms[39m
[32m[Nest] 51735  - [39m02/13/2026, 4:07:33 PM [32m    LOG[39m [38;5;3m[RoutesResolver] [39m[32mSubscriptionsController {/subscriptions}:[39m[38;5;3m +0ms[39m
[32m[Nest] 51735  - [39m02/13/2026, 4:07:33 PM [32m    LOG[39m [38;5;3m[RouterExplorer] [39m[32mMapped {/subscriptions, POST} route[39m[38;5;3m +0ms[39m
[32m[Nest] 51735  - [39m02/13/2026, 4:07:33 PM [32m    LOG[39m [38;5;3m[RouterExplorer] [39m[32mMapped {/subscriptions/trigger, POST} route[39m[38;5;3m +0ms[39m
[32m[Nest] 51735  - [39m02/13/2026, 4:07:33 PM [32m    LOG[39m [38;5;3m[RouterExplorer] [39m[32mMapped {/subscriptions, GET} route[39m[38;5;3m +0ms[39m
[32m[Nest] 51735  - [39m02/13/2026, 4:07:33 PM [32m    LOG[39m [38;5;3m[RouterExplorer] [39m[32mMapped {/subscriptions/:id, GET} route[39m[38;5;3m +0ms[39m
[32m[Nest] 51735  - [39m02/13/2026, 4:07:33 PM [32m    LOG[39m [38;5;3m[RouterExplorer] [39m[32mMapped {/subscriptions/:id, PATCH} route[39m[38;5;3m +1ms[39m
[32m[Nest] 51735  - [39m02/13/2026, 4:07:33 PM [32m    LOG[39m [38;5;3m[RouterExplorer] [39m[32mMapped {/subscriptions/:id, DELETE} route[39m[38;5;3m +0ms[39m
[32m[Nest] 51735  - [39m02/13/2026, 4:07:33 PM [32m    LOG[39m [38;5;3m[RoutesResolver] [39m[32mInvestmentsController {/investments}:[39m[38;5;3m +0ms[39m
[32m[Nest] 51735  - [39m02/13/2026, 4:07:33 PM [32m    LOG[39m [38;5;3m[RouterExplorer] [39m[32mMapped {/investments, POST} route[39m[38;5;3m +0ms[39m
[32m[Nest] 51735  - [39m02/13/2026, 4:07:33 PM [32m    LOG[39m [38;5;3m[RouterExplorer] [39m[32mMapped {/investments, GET} route[39m[38;5;3m +0ms[39m
[32m[Nest] 51735  - [39m02/13/2026, 4:07:33 PM [32m    LOG[39m [38;5;3m[RouterExplorer] [39m[32mMapped {/investments/:id, GET} route[39m[38;5;3m +0ms[39m
[32m[Nest] 51735  - [39m02/13/2026, 4:07:33 PM [32m    LOG[39m [38;5;3m[RouterExplorer] [39m[32mMapped {/investments/:id, PATCH} route[39m[38;5;3m +0ms[39m
[32m[Nest] 51735  - [39m02/13/2026, 4:07:33 PM [32m    LOG[39m [38;5;3m[RouterExplorer] [39m[32mMapped {/investments/:id, DELETE} route[39m[38;5;3m +0ms[39m
[32m[Nest] 51735  - [39m02/13/2026, 4:07:33 PM [32m    LOG[39m [38;5;3m[RoutesResolver] [39m[32mDashboardController {/dashboard}:[39m[38;5;3m +0ms[39m
[32m[Nest] 51735  - [39m02/13/2026, 4:07:33 PM [32m    LOG[39m [38;5;3m[RouterExplorer] [39m[32mMapped {/dashboard, GET} route[39m[38;5;3m +0ms[39m
[32m[Nest] 51735  - [39m02/13/2026, 4:07:33 PM [32m    LOG[39m [38;5;3m[NestApplication] [39m[32mNest application successfully started[39m[38;5;3m +23ms[39m
[2J[3J[H[[90m4:07:40 PM[0m] File change detected. Starting incremental compilation...

[[90m4:07:40 PM[0m] Found 0 errors. Watching for file changes.

[32m[Nest] 51755  - [39m02/13/2026, 4:07:41 PM [32m    LOG[39m [38;5;3m[NestFactory] [39m[32mStarting Nest application...[39m
[32m[Nest] 51755  - [39m02/13/2026, 4:07:41 PM [32m    LOG[39m [38;5;3m[InstanceLoader] [39m[32mMailerModule dependencies initialized[39m[38;5;3m +13ms[39m
[32m[Nest] 51755  - [39m02/13/2026, 4:07:41 PM [32m    LOG[39m [38;5;3m[InstanceLoader] [39m[32mPrismaModule dependencies initialized[39m[38;5;3m +3ms[39m
[32m[Nest] 51755  - [39m02/13/2026, 4:07:41 PM [32m    LOG[39m [38;5;3m[InstanceLoader] [39m[32mPassportModule dependencies initialized[39m[38;5;3m +0ms[39m
[32m[Nest] 51755  - [39m02/13/2026, 4:07:41 PM [32m    LOG[39m [38;5;3m[InstanceLoader] [39m[32mConfigHostModule dependencies initialized[39m[38;5;3m +2ms[39m
[32m[Nest] 51755  - [39m02/13/2026, 4:07:41 PM [32m    LOG[39m [38;5;3m[InstanceLoader] [39m[32mJwtModule dependencies initialized[39m[38;5;3m +0ms[39m
[32m[Nest] 51755  - [39m02/13/2026, 4:07:41 PM [32m    LOG[39m [38;5;3m[InstanceLoader] [39m[32mAppModule dependencies initialized[39m[38;5;3m +0ms[39m
[32m[Nest] 51755  - [39m02/13/2026, 4:07:41 PM [32m    LOG[39m [38;5;3m[InstanceLoader] [39m[32mInvestmentsModule dependencies initialized[39m[38;5;3m +1ms[39m
[32m[Nest] 51755  - [39m02/13/2026, 4:07:41 PM [32m    LOG[39m [38;5;3m[InstanceLoader] [39m[32mConfigModule dependencies initialized[39m[38;5;3m +0ms[39m
[32m[Nest] 51755  - [39m02/13/2026, 4:07:41 PM [32m    LOG[39m [38;5;3m[InstanceLoader] [39m[32mConfigModule dependencies initialized[39m[38;5;3m +0ms[39m
[32m[Nest] 51755  - [39m02/13/2026, 4:07:41 PM [32m    LOG[39m [38;5;3m[InstanceLoader] [39m[32mUsersModule dependencies initialized[39m[38;5;3m +5ms[39m
[32m[Nest] 51755  - [39m02/13/2026, 4:07:41 PM [32m    LOG[39m [38;5;3m[InstanceLoader] [39m[32mMailerCoreModule dependencies initialized[39m[38;5;3m +0ms[39m
[32m[Nest] 51755  - [39m02/13/2026, 4:07:41 PM [32m    LOG[39m [38;5;3m[InstanceLoader] [39m[32mWalletsModule dependencies initialized[39m[38;5;3m +1ms[39m
[32m[Nest] 51755  - [39m02/13/2026, 4:07:41 PM [32m    LOG[39m [38;5;3m[InstanceLoader] [39m[32mCategoriesModule dependencies initialized[39m[38;5;3m +0ms[39m
[32m[Nest] 51755  - [39m02/13/2026, 4:07:41 PM [32m    LOG[39m [38;5;3m[InstanceLoader] [39m[32mDashboardModule dependencies initialized[39m[38;5;3m +0ms[39m
[32m[Nest] 51755  - [39m02/13/2026, 4:07:41 PM [32m    LOG[39m [38;5;3m[InstanceLoader] [39m[32mTransactionsModule dependencies initialized[39m[38;5;3m +0ms[39m
[32m[Nest] 51755  - [39m02/13/2026, 4:07:41 PM [32m    LOG[39m [38;5;3m[InstanceLoader] [39m[32mSubscriptionsModule dependencies initialized[39m[38;5;3m +0ms[39m
[32m[Nest] 51755  - [39m02/13/2026, 4:07:41 PM [32m    LOG[39m [38;5;3m[InstanceLoader] [39m[32mAuthModule dependencies initialized[39m[38;5;3m +0ms[39m
[32m[Nest] 51755  - [39m02/13/2026, 4:07:41 PM [32m    LOG[39m [38;5;3m[RoutesResolver] [39m[32mAppController {/}:[39m[38;5;3m +3ms[39m
[32m[Nest] 51755  - [39m02/13/2026, 4:07:41 PM [32m    LOG[39m [38;5;3m[RouterExplorer] [39m[32mMapped {/, GET} route[39m[38;5;3m +2ms[39m
[32m[Nest] 51755  - [39m02/13/2026, 4:07:41 PM [32m    LOG[39m [38;5;3m[RoutesResolver] [39m[32mUsersController {/users}:[39m[38;5;3m +0ms[39m
[32m[Nest] 51755  - [39m02/13/2026, 4:07:41 PM [32m    LOG[39m [38;5;3m[RouterExplorer] [39m[32mMapped {/users, POST} route[39m[38;5;3m +0ms[39m
[32m[Nest] 51755  - [39m02/13/2026, 4:07:41 PM [32m    LOG[39m [38;5;3m[RouterExplorer] [39m[32mMapped {/users, GET} route[39m[38;5;3m +0ms[39m
[32m[Nest] 51755  - [39m02/13/2026, 4:07:41 PM [32m    LOG[39m [38;5;3m[RouterExplorer] [39m[32mMapped {/users/:id, GET} route[39m[38;5;3m +1ms[39m
[32m[Nest] 51755  - [39m02/13/2026, 4:07:41 PM [32m    LOG[39m [38;5;3m[RouterExplorer] [39m[32mMapped {/users/:id, PATCH} route[39m[38;5;3m +0ms[39m
[32m[Nest] 51755  - [39m02/13/2026, 4:07:41 PM [32m    LOG[39m [38;5;3m[RouterExplorer] [39m[32mMapped {/users/:id, DELETE} route[39m[38;5;3m +0ms[39m
[32m[Nest] 51755  - [39m02/13/2026, 4:07:41 PM [32m    LOG[39m [38;5;3m[RoutesResolver] [39m[32mAuthController {/auth}:[39m[38;5;3m +0ms[39m
[32m[Nest] 51755  - [39m02/13/2026, 4:07:41 PM [32m    LOG[39m [38;5;3m[RouterExplorer] [39m[32mMapped {/auth/google, GET} route[39m[38;5;3m +0ms[39m
[32m[Nest] 51755  - [39m02/13/2026, 4:07:41 PM [32m    LOG[39m [38;5;3m[RouterExplorer] [39m[32mMapped {/auth/google/redirect, GET} route[39m[38;5;3m +0ms[39m
[32m[Nest] 51755  - [39m02/13/2026, 4:07:41 PM [32m    LOG[39m [38;5;3m[RouterExplorer] [39m[32mMapped {/auth/verify-email, POST} route[39m[38;5;3m +0ms[39m
[32m[Nest] 51755  - [39m02/13/2026, 4:07:41 PM [32m    LOG[39m [38;5;3m[RouterExplorer] [39m[32mMapped {/auth/resend-verification, POST} route[39m[38;5;3m +0ms[39m
[32m[Nest] 51755  - [39m02/13/2026, 4:07:41 PM [32m    LOG[39m [38;5;3m[RouterExplorer] [39m[32mMapped {/auth/login, POST} route[39m[38;5;3m +1ms[39m
[32m[Nest] 51755  - [39m02/13/2026, 4:07:41 PM [32m    LOG[39m [38;5;3m[RouterExplorer] [39m[32mMapped {/auth/2fa/login, POST} route[39m[38;5;3m +0ms[39m
[32m[Nest] 51755  - [39m02/13/2026, 4:07:41 PM [32m    LOG[39m [38;5;3m[RouterExplorer] [39m[32mMapped {/auth/2fa/resend, POST} route[39m[38;5;3m +0ms[39m
[32m[Nest] 51755  - [39m02/13/2026, 4:07:41 PM [32m    LOG[39m [38;5;3m[RouterExplorer] [39m[32mMapped {/auth/2fa/enable, POST} route[39m[38;5;3m +0ms[39m
[32m[Nest] 51755  - [39m02/13/2026, 4:07:41 PM [32m    LOG[39m [38;5;3m[RouterExplorer] [39m[32mMapped {/auth/2fa/disable, POST} route[39m[38;5;3m +0ms[39m
[32m[Nest] 51755  - [39m02/13/2026, 4:07:41 PM [32m    LOG[39m [38;5;3m[RouterExplorer] [39m[32mMapped {/auth/register, POST} route[39m[38;5;3m +0ms[39m
[32m[Nest] 51755  - [39m02/13/2026, 4:07:41 PM [32m    LOG[39m [38;5;3m[RouterExplorer] [39m[32mMapped {/auth/forgot-password, POST} route[39m[38;5;3m +0ms[39m
[32m[Nest] 51755  - [39m02/13/2026, 4:07:41 PM [32m    LOG[39m [38;5;3m[RouterExplorer] [39m[32mMapped {/auth/reset-password, POST} route[39m[38;5;3m +0ms[39m
[32m[Nest] 51755  - [39m02/13/2026, 4:07:41 PM [32m    LOG[39m [38;5;3m[RouterExplorer] [39m[32mMapped {/auth/profile, GET} route[39m[38;5;3m +0ms[39m
[32m[Nest] 51755  - [39m02/13/2026, 4:07:41 PM [32m    LOG[39m [38;5;3m[RoutesResolver] [39m[32mWalletsController {/wallets}:[39m[38;5;3m +0ms[39m
[32m[Nest] 51755  - [39m02/13/2026, 4:07:41 PM [32m    LOG[39m [38;5;3m[RouterExplorer] [39m[32mMapped {/wallets, POST} route[39m[38;5;3m +0ms[39m
[32m[Nest] 51755  - [39m02/13/2026, 4:07:41 PM [32m    LOG[39m [38;5;3m[RouterExplorer] [39m[32mMapped {/wallets, GET} route[39m[38;5;3m +0ms[39m
[32m[Nest] 51755  - [39m02/13/2026, 4:07:41 PM [32m    LOG[39m [38;5;3m[RouterExplorer] [39m[32mMapped {/wallets/:id, GET} route[39m[38;5;3m +0ms[39m
[32m[Nest] 51755  - [39m02/13/2026, 4:07:41 PM [32m    LOG[39m [38;5;3m[RouterExplorer] [39m[32mMapped {/wallets/:id/add-incoming, PATCH} route[39m[38;5;3m +1ms[39m
[32m[Nest] 51755  - [39m02/13/2026, 4:07:41 PM [32m    LOG[39m [38;5;3m[RouterExplorer] [39m[32mMapped {/wallets/:id/add-expense, PATCH} route[39m[38;5;3m +0ms[39m
[32m[Nest] 51755  - [39m02/13/2026, 4:07:41 PM [32m    LOG[39m [38;5;3m[RouterExplorer] [39m[32mMapped {/wallets/:id, PATCH} route[39m[38;5;3m +0ms[39m
[32m[Nest] 51755  - [39m02/13/2026, 4:07:41 PM [32m    LOG[39m [38;5;3m[RouterExplorer] [39m[32mMapped {/wallets/:id, DELETE} route[39m[38;5;3m +0ms[39m
[32m[Nest] 51755  - [39m02/13/2026, 4:07:41 PM [32m    LOG[39m [38;5;3m[RoutesResolver] [39m[32mTransactionsController {/transactions}:[39m[38;5;3m +0ms[39m
[32m[Nest] 51755  - [39m02/13/2026, 4:07:41 PM [32m    LOG[39m [38;5;3m[RouterExplorer] [39m[32mMapped {/transactions, POST} route[39m[38;5;3m +0ms[39m
[32m[Nest] 51755  - [39m02/13/2026, 4:07:41 PM [32m    LOG[39m [38;5;3m[RouterExplorer] [39m[32mMapped {/transactions, GET} route[39m[38;5;3m +0ms[39m
[32m[Nest] 51755  - [39m02/13/2026, 4:07:41 PM [32m    LOG[39m [38;5;3m[RouterExplorer] [39m[32mMapped {/transactions/:id, GET} route[39m[38;5;3m +0ms[39m
[32m[Nest] 51755  - [39m02/13/2026, 4:07:41 PM [32m    LOG[39m [38;5;3m[RouterExplorer] [39m[32mMapped {/transactions/:id, PATCH} route[39m[38;5;3m +0ms[39m
[32m[Nest] 51755  - [39m02/13/2026, 4:07:41 PM [32m    LOG[39m [38;5;3m[RouterExplorer] [39m[32mMapped {/transactions/:id, DELETE} route[39m[38;5;3m +0ms[39m
[32m[Nest] 51755  - [39m02/13/2026, 4:07:41 PM [32m    LOG[39m [38;5;3m[RoutesResolver] [39m[32mCategoriesController {/categories}:[39m[38;5;3m +0ms[39m
[32m[Nest] 51755  - [39m02/13/2026, 4:07:41 PM [32m    LOG[39m [38;5;3m[RouterExplorer] [39m[32mMapped {/categories, POST} route[39m[38;5;3m +0ms[39m
[32m[Nest] 51755  - [39m02/13/2026, 4:07:41 PM [32m    LOG[39m [38;5;3m[RouterExplorer] [39m[32mMapped {/categories, GET} route[39m[38;5;3m +0ms[39m
[32m[Nest] 51755  - [39m02/13/2026, 4:07:41 PM [32m    LOG[39m [38;5;3m[RouterExplorer] [39m[32mMapped {/categories/:id, GET} route[39m[38;5;3m +0ms[39m
[32m[Nest] 51755  - [39m02/13/2026, 4:07:41 PM [32m    LOG[39m [38;5;3m[RouterExplorer] [39m[32mMapped {/categories/:id, PATCH} route[39m[38;5;3m +0ms[39m
[32m[Nest] 51755  - [39m02/13/2026, 4:07:41 PM [32m    LOG[39m [38;5;3m[RouterExplorer] [39m[32mMapped {/categories/:id, DELETE} route[39m[38;5;3m +0ms[39m
[32m[Nest] 51755  - [39m02/13/2026, 4:07:41 PM [32m    LOG[39m [38;5;3m[RoutesResolver] [39m[32mSubscriptionsController {/subscriptions}:[39m[38;5;3m +0ms[39m
[32m[Nest] 51755  - [39m02/13/2026, 4:07:41 PM [32m    LOG[39m [38;5;3m[RouterExplorer] [39m[32mMapped {/subscriptions, POST} route[39m[38;5;3m +1ms[39m
[32m[Nest] 51755  - [39m02/13/2026, 4:07:41 PM [32m    LOG[39m [38;5;3m[RouterExplorer] [39m[32mMapped {/subscriptions/trigger, POST} route[39m[38;5;3m +0ms[39m
[32m[Nest] 51755  - [39m02/13/2026, 4:07:41 PM [32m    LOG[39m [38;5;3m[RouterExplorer] [39m[32mMapped {/subscriptions, GET} route[39m[38;5;3m +0ms[39m
[32m[Nest] 51755  - [39m02/13/2026, 4:07:41 PM [32m    LOG[39m [38;5;3m[RouterExplorer] [39m[32mMapped {/subscriptions/:id, GET} route[39m[38;5;3m +0ms[39m
[32m[Nest] 51755  - [39m02/13/2026, 4:07:41 PM [32m    LOG[39m [38;5;3m[RouterExplorer] [39m[32mMapped {/subscriptions/:id, PATCH} route[39m[38;5;3m +0ms[39m
[32m[Nest] 51755  - [39m02/13/2026, 4:07:41 PM [32m    LOG[39m [38;5;3m[RouterExplorer] [39m[32mMapped {/subscriptions/:id, DELETE} route[39m[38;5;3m +0ms[39m
[32m[Nest] 51755  - [39m02/13/2026, 4:07:41 PM [32m    LOG[39m [38;5;3m[RoutesResolver] [39m[32mInvestmentsController {/investments}:[39m[38;5;3m +0ms[39m
[32m[Nest] 51755  - [39m02/13/2026, 4:07:41 PM [32m    LOG[39m [38;5;3m[RouterExplorer] [39m[32mMapped {/investments, POST} route[39m[38;5;3m +0ms[39m
[32m[Nest] 51755  - [39m02/13/2026, 4:07:41 PM [32m    LOG[39m [38;5;3m[RouterExplorer] [39m[32mMapped {/investments, GET} route[39m[38;5;3m +0ms[39m
[32m[Nest] 51755  - [39m02/13/2026, 4:07:41 PM [32m    LOG[39m [38;5;3m[RouterExplorer] [39m[32mMapped {/investments/:id, GET} route[39m[38;5;3m +0ms[39m
[32m[Nest] 51755  - [39m02/13/2026, 4:07:41 PM [32m    LOG[39m [38;5;3m[RouterExplorer] [39m[32mMapped {/investments/:id, PATCH} route[39m[38;5;3m +0ms[39m
[32m[Nest] 51755  - [39m02/13/2026, 4:07:41 PM [32m    LOG[39m [38;5;3m[RouterExplorer] [39m[32mMapped {/investments/:id, DELETE} route[39m[38;5;3m +0ms[39m
[32m[Nest] 51755  - [39m02/13/2026, 4:07:41 PM [32m    LOG[39m [38;5;3m[RoutesResolver] [39m[32mDashboardController {/dashboard}:[39m[38;5;3m +0ms[39m
[32m[Nest] 51755  - [39m02/13/2026, 4:07:41 PM [32m    LOG[39m [38;5;3m[RouterExplorer] [39m[32mMapped {/dashboard, GET} route[39m[38;5;3m +0ms[39m
[32m[Nest] 51755  - [39m02/13/2026, 4:07:41 PM [32m    LOG[39m [38;5;3m[NestApplication] [39m[32mNest application successfully started[39m[38;5;3m +21ms[39m
[2J[3J[H[[90m4:08:12 PM[0m] File change detected. Starting incremental compilation...

[96msrc/dashboard/dashboard.service.ts[0m:[93m172[0m:[93m1[0m - [91merror[0m[90m TS1128: [0mDeclaration or statement expected.

[7m172[0m }
[7m   [0m [91m~[0m

[[90m4:08:12 PM[0m] Found 1 error. Watching for file changes.

[2J[3J[H[[90m4:08:16 PM[0m] File change detected. Starting incremental compilation...

[96msrc/dashboard/dashboard.service.ts[0m:[93m172[0m:[93m1[0m - [91merror[0m[90m TS1128: [0mDeclaration or statement expected.

[7m172[0m }
[7m   [0m [91m~[0m

[[90m4:08:16 PM[0m] Found 1 error. Watching for file changes.

[2J[3J[H[[90m4:11:31 PM[0m] File change detected. Starting incremental compilation...

[96msrc/dashboard/dashboard.service.ts[0m:[93m172[0m:[93m1[0m - [91merror[0m[90m TS1128: [0mDeclaration or statement expected.

[7m172[0m }
[7m   [0m [91m~[0m

[[90m4:11:31 PM[0m] Found 1 error. Watching for file changes.

[2J[3J[H[[90m4:11:40 PM[0m] File change detected. Starting incremental compilation...

[96msrc/dashboard/dashboard.service.ts[0m:[93m172[0m:[93m1[0m - [91merror[0m[90m TS1128: [0mDeclaration or statement expected.

[7m172[0m }
[7m   [0m [91m~[0m

[[90m4:11:40 PM[0m] Found 1 error. Watching for file changes.

